<?xml version="1.0" encoding="UTF-8"?>
<testng-results ignored="0" total="1" passed="1" failed="0" skipped="0">
  <reporter-output>
  </reporter-output>
  <suite started-at="2022-12-04T11:55:23 PST" name="Default suite" finished-at="2022-12-04T11:55:31 PST" duration-ms="7961">
    <groups>
    </groups>
    <test started-at="2022-12-04T11:55:23 PST" name="Default test" finished-at="2022-12-04T11:55:31 PST" duration-ms="7961">
      <class name="com.qa.Fifa.SearchVali">
        <test-method signature="vaidateSearch()[pri:0, instance:com.qa.Fifa.SearchVali@741a8937]" started-at="2022-12-04T11:55:23 PST" name="vaidateSearch" finished-at="2022-12-04T11:55:31 PST" duration-ms="7902" status="PASS">
          <reporter-output>
          </reporter-output>
        </test-method> <!-- vaidateSearch -->
      </class> <!-- com.qa.Fifa.SearchVali -->
    </test> <!-- Default test -->
  </suite> <!-- Default suite -->
</testng-results>
